\o Program:		@(#)$CDS: libManager version 6.1.7 - CAT35 10/18/2015 00:06 (sjfnl678) $
\o Sub version:		sub-version  p009 
\o Arguments:		-unmapped -mpssession virtuoso65204 -mpshost work-eda 
\o Working Directory:	work-eda:/home/work/pdk/tsmc18rf_OA
\o 64-bit offsets
\o Qt version: 		4.8.5
\o changeWorkingDir("/home/work/pdk/tsmc18rf_OA") unnecessary.
\o ddSetForcedLib("") unnecessary.
\o Log file is "/home/work/pdk/tsmc18rf_OA/libManager.log".
\o Opening libManager window.
\a nrSetWindowVisibility(cdsLibManager "show")
\o MPS service: map window
\a nrSetCurrentWindow(cdsLibManager)
\o Library Manager customization server connected.
\w Warning: The directory: '/home/work/pdk/tsmc18rf_OA/tsmc18rf' does not exist
\w 	but was defined in libFile '/home/work/pdk/tsmc18rf_OA/cds.lib' for Lib 'tsmc18rf'.
\a nrResizeWindow(cdsLibManager list(0 0 1916 1013))
\a cdsLibManager->libListBox->value = "analogLib"
\a cdsLibManager->libListBox->value = "basic"
\a cdsLibManager->libListBox->value = "cdsDefTechLib"
\a _lmgrCloseIconify("cdsLibManager" 1)
\a cdsLibManager->libLineEdit->value = "cdsDefTechLib"
\a cdsLibManager->libListBox->value = nil
\a cdsLibManager->libLineEdit->value = ""
\w Warning: The directory: '/home/work/pdk/tsmc18rf_OA/tsmc18rf' does not exist
\w 	but was defined in libFile '/home/work/pdk/tsmc18rf_OA/cds.lib' for Lib 'tsmc18rf'.
\a cdsLibManager->libListBox->value = "cdsDefTechLib"
\a cdsLibManager->libLineEdit->value = "cdsDefTechLib"
\a cdsLibManager->libListBox->value = nil
\a cdsLibManager->libLineEdit->value = ""
\w Warning: LIB tsmc18rf from File /home/work/pdk/tsmc18rf_OA/cds.lib Line 5 redefines
\w LIB tsmc18rf from the same file (defined earlier.)
\a cdsLibManager->libListBox->value = "cdsDefTechLib"
\a cdsLibManager->libLineEdit->value = "cdsDefTechLib"
\a cdsLibManager->libListBox->value = nil
\a cdsLibManager->libLineEdit->value = ""
\w Warning: LIB tsmc18rf from File /home/work/pdk/tsmc18rf_OA/cds.lib Line 5 redefines
\w LIB tsmc18rf from the same file (defined earlier.)
\a cdsLibManager->libListBox->value = "cdsDefTechLib"
\a cdsLibManager->libLineEdit->value = "cdsDefTechLib"
\o MPS service: map window
\a nrSetCurrentWindow(cdsLibManager)
\a cdsLibManager->libListBox->value = "tsmc18rf"
\a cdsLibManager->libLineEdit->value = "tsmc18rf"
\a cdsLibManager->cellListBox->value = "M5_M4"
\a cdsLibManager->libListBox->value = nil
\a cdsLibManager->cellListBox->value = nil
\a cdsLibManager->libLineEdit->value = ""
\w Warning: LIB tsmc18rf from File /home/work/pdk/tsmc18rf_OA/cds.lib Line 5 redefines
\w LIB tsmc18rf from the same file (defined earlier.)
\a cdsLibManager->libListBox->value = "tsmc18rf"
\a cdsLibManager->libLineEdit->value = "tsmc18rf"
\a cdsLibManager->cellListBox->value = "M5_M4"
\a cdsLibManager->viewListBox->value = "via"
\a cdsLibManager->viewLineEdit->value = "via"
\a cdsLibManager->viewLineEdit->value = ""
\a cdsLibManager->viewListBox->value = nil
\a cdsLibManager->viewListBox->value = "via"
\a cdsLibManager->viewLineEdit->value = "via"
\a cdsLibManager->viewLineEdit->value = ""
\a cdsLibManager->viewListBox->value = nil
\a cdsLibManager->cellListBox->value = "dioden"
\a cdsLibManager->cellLineEdit->value = "dioden"
\a cdsLibManager->viewListBox->value = "layout"
\a cdsLibManager->viewLineEdit->value = "layout"
\a cdsLibManager->viewListBox->value = nil
\a cdsLibManager->viewListBox->value = "layout"
\o MPS request: edit design
\a nrListItemAction(cdsLibManager->gdmXTView 5 0)
\a cdsLibManager->libListBox->value = nil
\a cdsLibManager->cellListBox->value = nil
\a cdsLibManager->viewLineEdit->value = ""
\a cdsLibManager->viewListBox->value = nil
\a cdsLibManager->cellLineEdit->value = ""
\a cdsLibManager->libLineEdit->value = ""
\w Warning: LIB tsmc18rf from File /home/work/pdk/tsmc18rf_OA/cds.lib Line 5 redefines
\w LIB tsmc18rf from the same file (defined earlier.)
\a cdsLibManager->libListBox->value = "tsmc18rf"
\a cdsLibManager->libLineEdit->value = "tsmc18rf"
\a cdsLibManager->cellListBox->value = "dioden"
\a cdsLibManager->cellLineEdit->value = "dioden"
\a cdsLibManager->viewListBox->value = "layout"
\a cdsLibManager->viewLineEdit->value = "layout"
\a cdsLibManager->viewLineEdit->value = ""
\a cdsLibManager->viewListBox->value = nil
\a cdsLibManager->viewListBox->value = "layout"
\a cdsLibManager->viewLineEdit->value = "layout"
\a nrSetCurrentWindow(cdsLibManager)
\a nrSetCurrentWindow(cdsLibManager)
\a _lmgrCloseIconify("cdsLibManager" 1)
\o MPS service: shutdown
\o libManager is exiting.
\a nrSetWindowVisibility(cdsLibManager "hide")
\a exit(0)
